2026-04-30 15:52:14,938 - INFO - Training started
2026-04-30 15:52:35,166 - INFO - Training completed
2026-04-30 15:52:59,139 - INFO - Training started
2026-04-30 15:53:01,217 - INFO - Training completed
2026-04-30 15:55:58,291 - INFO - Training started
2026-04-30 15:56:08,935 - INFO - Training completed
2026-04-30 15:56:32,765 - INFO - Program exited
2026-04-30 16:21:40,474 - INFO - Training started
2026-04-30 16:21:43,635 - INFO - Training completed
2026-04-30 16:21:48,846 - INFO - Dashboard launched
2026-04-30 16:27:18,495 - INFO - Training started
2026-04-30 16:27:21,928 - INFO - Training completed
2026-04-30 16:49:43,374 - INFO - Training started
2026-04-30 16:50:10,733 - INFO - Training completed
2026-04-30 16:50:15,801 - INFO - Dashboard launched
2026-04-30 16:52:05,527 - INFO - API started
2026-04-30 16:53:46,442 - INFO - Program exited
2026-04-30 18:01:57,962 - INFO - Dashboard launched
2026-04-30 18:07:37,312 - INFO - Dashboard launched
2026-05-01 13:16:11,039 - INFO - Training started
2026-05-01 13:16:35,408 - INFO - Training completed
2026-05-01 13:17:05,309 - INFO - Dashboard launched
2026-05-01 13:21:41,034 - INFO - Training started
2026-05-01 13:24:46,035 - INFO - Training started
2026-05-01 13:27:32,714 - INFO - Training started
2026-05-01 13:28:45,987 - INFO - Training completed
2026-05-01 16:08:55,511 - INFO - Training started
2026-05-01 16:09:23,462 - INFO - Training completed
2026-05-01 16:09:28,053 - INFO - Dashboard launched
2026-05-01 16:18:17,019 - INFO - Program exited
2026-05-01 16:23:59,309 - INFO - Training started
2026-05-01 16:24:28,543 - INFO - Training completed
2026-05-01 16:24:37,083 - INFO - Program exited
